2024-12-03 17:29:58,804 [main] INFO  Main:181 - Запуск интерфейса приложения.
2024-12-03 17:30:12,708 [AWT-EventQueue-0] INFO  Main:314 - Нажата кнопка 'Загрузить'.
2024-12-03 17:30:14,678 [AWT-EventQueue-0] DEBUG Main:326 - Пользователь выбрал файл: C:\Users\ignat\IdeaProjects\OOP-LAB-10\dogs_input.xml
2024-12-03 17:30:14,815 [AWT-EventQueue-0] INFO  Main:330 - Данные успешно загружены из файла: dogs_input.xml
2024-12-03 17:30:35,019 [AWT-EventQueue-0] INFO  Main:289 - Нажата кнопка 'Удалить'.
2024-12-03 17:30:35,023 [AWT-EventQueue-0] DEBUG Main:299 - Удаляется строка с индексом: 4
2024-12-03 17:30:35,025 [AWT-EventQueue-0] DEBUG Main:299 - Удаляется строка с индексом: 3
2024-12-03 17:30:35,026 [AWT-EventQueue-0] DEBUG Main:299 - Удаляется строка с индексом: 2
2024-12-03 17:30:35,026 [AWT-EventQueue-0] DEBUG Main:299 - Удаляется строка с индексом: 1
2024-12-03 17:30:35,027 [AWT-EventQueue-0] DEBUG Main:299 - Удаляется строка с индексом: 0
2024-12-03 17:30:35,027 [AWT-EventQueue-0] INFO  Main:304 - Выбранные записи удалены.
2024-12-03 17:31:09,001 [AWT-EventQueue-0] WARN  Main:236 - Попытка поиска с пустым текстом.
2024-12-03 17:31:13,823 [AWT-EventQueue-0] INFO  Main:243 - Поиск завершен.
2024-12-03 17:31:15,778 [AWT-EventQueue-0] INFO  Main:366 - Попытка закрыть приложение.
2024-12-03 17:31:15,779 [AWT-EventQueue-0] WARN  Main:368 - Пользователь пытается закрыть программу с несохранёнными изменениями.
2024-12-03 17:31:19,980 [AWT-EventQueue-0] INFO  Main:248 - Нажата кнопка 'Добавить'.
2024-12-03 17:31:26,277 [AWT-EventQueue-0] DEBUG Main:255 - Добавлена новая собака: лалала, 1, 1, 1, 1
2024-12-03 17:31:29,949 [AWT-EventQueue-0] INFO  Main:262 - Нажата кнопка 'Изменить'.
2024-12-03 17:31:51,468 [AWT-EventQueue-0] DEBUG Main:278 - Обновлены данные собаки: А, Д, В, П, Л
2024-12-03 17:31:55,755 [AWT-EventQueue-0] INFO  Main:350 - Нажата кнопка 'Отчет'.
2024-12-03 17:31:55,768 [AWT-EventQueue-0] INFO  Main:354 - Формирование отчета завершено.
2024-12-03 17:32:00,178 [AWT-EventQueue-0] INFO  Main:340 - Нажата кнопка 'Сохранить'.
2024-12-03 17:32:03,511 [AWT-EventQueue-0] INFO  Main:343 - Сохранение данных завершено.
2024-12-03 17:32:06,307 [AWT-EventQueue-0] INFO  Main:366 - Попытка закрыть приложение.
2024-12-03 17:32:06,308 [AWT-EventQueue-0] INFO  Main:382 - Программа закрыта.
